<?xml version="1.0" encoding="UTF-8"?>
<testsuite name="DecryptTest" tests="5" skipped="0" failures="0" errors="0" timestamp="2019-06-17T05:34:30" hostname="roselyne-HP-EliteBook-Folio-9470m" time="0.005">
  <properties/>
  <testcase name="newDecrypt_isDecrypt__String" classname="DecryptTest" time="0.003"/>
  <testcase name="newDecrypt_getmName_String" classname="DecryptTest" time="0.0"/>
  <testcase name="newDecrypt_instantiesCorrectly_boolean" classname="DecryptTest" time="0.0"/>
  <testcase name="newDecrypt_keyValid__String" classname="DecryptTest" time="0.0"/>
  <testcase name="newDecrypt_getmKey_int" classname="DecryptTest" time="0.0"/>
  <system-out><![CDATA[]]></system-out>
  <system-err><![CDATA[]]></system-err>
</testsuite>
